<?xml version="1.0" encoding="UTF-8"?>
<!-- Generated by org.testng.reporters.JUnitReportReporter -->
<testsuite skipped="0" hostname="LAPTOP-N0G0NBDP" name="com.qa.TestCases.TestCasewiki" tests="1" failures="0" timestamp="06 Dec 2020 04:15:28 GMT" time="27.581" errors="0">
  <testcase name="test1" time="27.581" classname="com.qa.TestCases.TestCasewiki"/>
</testsuite> <!-- com.qa.TestCases.TestCasewiki -->
