<?xml version="1.0" encoding="UTF-8"?>
<!-- Generated by org.testng.reporters.JUnitReportReporter -->
<testsuite skipped="0" hostname="LAPTOP-N0G0NBDP" name="com.qa.TestCases.TestCase1" tests="2" failures="0" timestamp="06 Dec 2020 04:15:27 GMT" time="8.257" errors="0">
  <testcase name="wikiPage2" time="5.384" classname="com.qa.TestCases.TestCase1"/>
  <testcase name="wikiPage" time="2.873" classname="com.qa.TestCases.TestCase1"/>
</testsuite> <!-- com.qa.TestCases.TestCase1 -->
