<?xml version="1.0" encoding="UTF-8"?>
<!-- Generated by org.testng.reporters.JUnitReportReporter -->
<testsuite skipped="0" hostname="LAPTOP-N0G0NBDP" name="com.qa.TestCases.TestCase1" tests="2" failures="0" timestamp="06 Dec 2020 04:19:10 GMT" time="7.361" errors="0">
  <testcase name="wikiPage" time="3.085" classname="com.qa.TestCases.TestCase1"/>
  <testcase name="wikiPage2" time="4.276" classname="com.qa.TestCases.TestCase1"/>
</testsuite> <!-- com.qa.TestCases.TestCase1 -->
