<?xml version="1.0" encoding="UTF-8"?>
<!-- Generated by org.testng.reporters.JUnitReportReporter -->
<testsuite skipped="0" hostname="LAPTOP-N0G0NBDP" name="com.qa.TestCases.TestCase2" tests="1" failures="0" timestamp="06 Dec 2020 04:19:10 GMT" time="12.574" errors="0">
  <testcase name="Test1" time="12.574" classname="com.qa.TestCases.TestCase2"/>
</testsuite> <!-- com.qa.TestCases.TestCase2 -->
